<?xml version="1.0" encoding="UTF-8" ?>
<testsuite failures="0" time="1.858" errors="0" skipped="0" tests="4" name="nl.coralic.picasa.backup.PicasaBackupTest">
  <properties>
    <property name="java.runtime.name" value="Java(TM) SE Runtime Environment"/>
    <property name="sun.boot.library.path" value="/usr/lib/jvm/java-6-sun-1.6.0.26/jre/lib/amd64"/>
    <property name="java.vm.version" value="20.1-b02"/>
    <property name="java.vm.vendor" value="Sun Microsystems Inc."/>
    <property name="java.vendor.url" value="http://java.sun.com/"/>
    <property name="path.separator" value=":"/>
    <property name="java.vm.name" value="Java HotSpot(TM) 64-Bit Server VM"/>
    <property name="file.encoding.pkg" value="sun.io"/>
    <property name="user.country" value="US"/>
    <property name="sun.java.launcher" value="SUN_STANDARD"/>
    <property name="sun.os.patch.level" value="unknown"/>
    <property name="java.vm.specification.name" value="Java Virtual Machine Specification"/>
    <property name="user.dir" value="/home/armin/workspace/eclipse_picasa/PWABackup"/>
    <property name="java.runtime.version" value="1.6.0_26-b03"/>
    <property name="java.awt.graphicsenv" value="sun.awt.X11GraphicsEnvironment"/>
    <property name="basedir" value="/home/armin/workspace/eclipse_picasa/PWABackup"/>
    <property name="java.endorsed.dirs" value="/usr/lib/jvm/java-6-sun-1.6.0.26/jre/lib/endorsed"/>
    <property name="os.arch" value="amd64"/>
    <property name="surefire.real.class.path" value="/home/armin/workspace/eclipse_picasa/PWABackup/target/surefire/surefirebooter2430990498383181699.jar"/>
    <property name="java.io.tmpdir" value="/tmp"/>
    <property name="line.separator" value="
"/>
    <property name="java.vm.specification.vendor" value="Sun Microsystems Inc."/>
    <property name="os.name" value="Linux"/>
    <property name="sun.jnu.encoding" value="UTF-8"/>
    <property name="java.library.path" value="/usr/lib/jvm/java-6-sun-1.6.0.26/jre/lib/amd64/server:/usr/lib/jvm/java-6-sun-1.6.0.26/jre/lib/amd64:/usr/lib/jvm/java-6-sun-1.6.0.26/jre/../lib/amd64:/usr/java/packages/lib/amd64:/usr/lib64:/lib64:/lib:/usr/lib"/>
    <property name="surefire.test.class.path" value="/home/armin/workspace/eclipse_picasa/PWABackup/target/test-classes:/home/armin/workspace/eclipse_picasa/PWABackup/target/classes:/home/armin/.m2/repository/junit/junit/4.9/junit-4.9.jar:/home/armin/.m2/repository/org/hamcrest/hamcrest-core/1.1/hamcrest-core-1.1.jar:/home/armin/.m2/repository/com/google/gdata-photos/2.0/gdata-photos-2.0.jar:/home/armin/.m2/repository/com/google/gdata-photos-meta/2.0/gdata-photos-meta-2.0.jar:/home/armin/.m2/repository/com/google/gdata-media/1.0/gdata-media-1.0.jar:/home/armin/.m2/repository/com/google/gdata-core/1.0/gdata-core-1.0.jar:/home/armin/.m2/repository/com/google/gdata-client/1.0/gdata-client-1.0.jar:/home/armin/.m2/repository/com/google/gdata-client-meta/1.0/gdata-client-meta-1.0.jar:/home/armin/.m2/repository/com/sun/mail/javax.mail/1.4.4/javax.mail-1.4.4.jar:/home/armin/.m2/repository/javax/activation/activation/1.1/activation-1.1.jar:/home/armin/.m2/repository/com/google/collect/1.0-rc1/collect-1.0-rc1.jar:"/>
    <property name="java.specification.name" value="Java Platform API Specification"/>
    <property name="java.class.version" value="50.0"/>
    <property name="sun.management.compiler" value="HotSpot 64-Bit Tiered Compilers"/>
    <property name="os.version" value="2.6.38-11-generic"/>
    <property name="user.home" value="/home/armin"/>
    <property name="user.timezone" value=""/>
    <property name="java.awt.printerjob" value="sun.print.PSPrinterJob"/>
    <property name="file.encoding" value="UTF-8"/>
    <property name="java.specification.version" value="1.6"/>
    <property name="user.name" value="armin"/>
    <property name="java.class.path" value="/home/armin/workspace/eclipse_picasa/PWABackup/target/test-classes:/home/armin/workspace/eclipse_picasa/PWABackup/target/classes:/home/armin/.m2/repository/junit/junit/4.9/junit-4.9.jar:/home/armin/.m2/repository/org/hamcrest/hamcrest-core/1.1/hamcrest-core-1.1.jar:/home/armin/.m2/repository/com/google/gdata-photos/2.0/gdata-photos-2.0.jar:/home/armin/.m2/repository/com/google/gdata-photos-meta/2.0/gdata-photos-meta-2.0.jar:/home/armin/.m2/repository/com/google/gdata-media/1.0/gdata-media-1.0.jar:/home/armin/.m2/repository/com/google/gdata-core/1.0/gdata-core-1.0.jar:/home/armin/.m2/repository/com/google/gdata-client/1.0/gdata-client-1.0.jar:/home/armin/.m2/repository/com/google/gdata-client-meta/1.0/gdata-client-meta-1.0.jar:/home/armin/.m2/repository/com/sun/mail/javax.mail/1.4.4/javax.mail-1.4.4.jar:/home/armin/.m2/repository/javax/activation/activation/1.1/activation-1.1.jar:/home/armin/.m2/repository/com/google/collect/1.0-rc1/collect-1.0-rc1.jar:"/>
    <property name="java.vm.specification.version" value="1.0"/>
    <property name="sun.arch.data.model" value="64"/>
    <property name="java.home" value="/usr/lib/jvm/java-6-sun-1.6.0.26/jre"/>
    <property name="sun.java.command" value="/home/armin/workspace/eclipse_picasa/PWABackup/target/surefire/surefirebooter2430990498383181699.jar /home/armin/workspace/eclipse_picasa/PWABackup/target/surefire/surefire3103182083453491922tmp /home/armin/workspace/eclipse_picasa/PWABackup/target/surefire/surefire5205575459809716921tmp"/>
    <property name="java.specification.vendor" value="Sun Microsystems Inc."/>
    <property name="user.language" value="en"/>
    <property name="java.vm.info" value="mixed mode"/>
    <property name="java.version" value="1.6.0_26"/>
    <property name="java.ext.dirs" value="/usr/lib/jvm/java-6-sun-1.6.0.26/jre/lib/ext:/usr/java/packages/lib/ext"/>
    <property name="sun.boot.class.path" value="/usr/lib/jvm/java-6-sun-1.6.0.26/jre/lib/resources.jar:/usr/lib/jvm/java-6-sun-1.6.0.26/jre/lib/rt.jar:/usr/lib/jvm/java-6-sun-1.6.0.26/jre/lib/sunrsasign.jar:/usr/lib/jvm/java-6-sun-1.6.0.26/jre/lib/jsse.jar:/usr/lib/jvm/java-6-sun-1.6.0.26/jre/lib/jce.jar:/usr/lib/jvm/java-6-sun-1.6.0.26/jre/lib/charsets.jar:/usr/lib/jvm/java-6-sun-1.6.0.26/jre/lib/modules/jdk.boot.jar:/usr/lib/jvm/java-6-sun-1.6.0.26/jre/classes"/>
    <property name="java.vendor" value="Sun Microsystems Inc."/>
    <property name="localRepository" value="/home/armin/.m2/repository"/>
    <property name="file.separator" value="/"/>
    <property name="java.vendor.url.bug" value="http://java.sun.com/cgi-bin/bugreport.cgi"/>
    <property name="sun.cpu.endian" value="little"/>
    <property name="sun.io.unicode.encoding" value="UnicodeLittle"/>
    <property name="sun.desktop" value="gnome"/>
    <property name="sun.cpu.isalist" value=""/>
  </properties>
  <testcase time="1.698" classname="nl.coralic.picasa.backup.PicasaBackupTest" name="loginSuccessful"/>
  <testcase time="0.003" classname="nl.coralic.picasa.backup.PicasaBackupTest" name="tryEmptyUsername"/>
  <testcase time="0" classname="nl.coralic.picasa.backup.PicasaBackupTest" name="tryEmptyPassword"/>
  <testcase time="0.044" classname="nl.coralic.picasa.backup.PicasaBackupTest" name="wrongCredentials"/>
</testsuite>